0 info it worked if it ends with ok
1 verbose cli [ 'C:\\Program Files\\nodejs\\node.exe',
1 verbose cli   'C:\\Users\\viruser.v-desktop\\AppData\\Roaming\\npm\\node_modules\\npm\\bin\\npm-cli.js',
1 verbose cli   'run',
1 verbose cli   'lint',
1 verbose cli   'demo/demo2/demo2.js' ]
2 info using npm@3.10.9
3 info using node@v6.9.2
4 verbose run-script [ 'prelint', 'lint', 'postlint' ]
5 info lifecycle webpack-app@1.0.0~prelint: webpack-app@1.0.0
6 silly lifecycle webpack-app@1.0.0~prelint: no script for prelint, continuing
7 info lifecycle webpack-app@1.0.0~lint: webpack-app@1.0.0
8 verbose lifecycle webpack-app@1.0.0~lint: unsafe-perm in lifecycle true
9 verbose lifecycle webpack-app@1.0.0~lint: PATH: C:\Users\viruser.v-desktop\AppData\Roaming\npm\node_modules\npm\bin\node-gyp-bin;D:\workspace\eslint-explain-with-react\node_modules\.bin;C:\Windows\system32;C:\Windows;C:\Windows\System32\Wbem;C:\Windows\System32\WindowsPowerShell\v1.0\;C:\Program Files\TortoiseSVN\bin;C:\Program Files\Git\cmd;C:\Program Files\nodejs\;C:\Users\viruser.v-desktop\AppData\Local\atom\bin
10 verbose lifecycle webpack-app@1.0.0~lint: CWD: D:\workspace\eslint-explain-with-react
11 silly lifecycle webpack-app@1.0.0~lint: Args: [ '/d /s /c', 'eslint "demo/demo2/demo2.js"' ]
12 silly lifecycle webpack-app@1.0.0~lint: Returned: code: 1  signal: null
13 info lifecycle webpack-app@1.0.0~lint: Failed to exec lint script
14 verbose stack Error: webpack-app@1.0.0 lint: `eslint "demo/demo2/demo2.js"`
14 verbose stack Exit status 1
14 verbose stack     at EventEmitter.<anonymous> (C:\Users\viruser.v-desktop\AppData\Roaming\npm\node_modules\npm\lib\utils\lifecycle.js:255:16)
14 verbose stack     at emitTwo (events.js:106:13)
14 verbose stack     at EventEmitter.emit (events.js:191:7)
14 verbose stack     at ChildProcess.<anonymous> (C:\Users\viruser.v-desktop\AppData\Roaming\npm\node_modules\npm\lib\utils\spawn.js:40:14)
14 verbose stack     at emitTwo (events.js:106:13)
14 verbose stack     at ChildProcess.emit (events.js:191:7)
14 verbose stack     at maybeClose (internal/child_process.js:877:16)
14 verbose stack     at Process.ChildProcess._handle.onexit (internal/child_process.js:226:5)
15 verbose pkgid webpack-app@1.0.0
16 verbose cwd D:\workspace\eslint-explain-with-react
17 error Windows_NT 6.1.7601
18 error argv "C:\\Program Files\\nodejs\\node.exe" "C:\\Users\\viruser.v-desktop\\AppData\\Roaming\\npm\\node_modules\\npm\\bin\\npm-cli.js" "run" "lint" "demo/demo2/demo2.js"
19 error node v6.9.2
20 error npm  v3.10.9
21 error code ELIFECYCLE
22 error webpack-app@1.0.0 lint: `eslint "demo/demo2/demo2.js"`
22 error Exit status 1
23 error Failed at the webpack-app@1.0.0 lint script 'eslint "demo/demo2/demo2.js"'.
23 error Make sure you have the latest version of node.js and npm installed.
23 error If you do, this is most likely a problem with the webpack-app package,
23 error not with npm itself.
23 error Tell the author that this fails on your system:
23 error     eslint "demo/demo2/demo2.js"
23 error You can get information on how to open an issue for this project with:
23 error     npm bugs webpack-app
23 error Or if that isn't available, you can get their info via:
23 error     npm owner ls webpack-app
23 error There is likely additional logging output above.
24 verbose exit [ 1, true ]
